23:57:30 **** Build of configuration Debug for project hw03 ****
make all 
Building file: ../src/hw03.cpp
Invoking: GCC C++ Compiler
g++ -O0 -g3 -Wall -c -fmessage-length=0 -MMD -MP -MF"src/hw03.d" -MT"src/hw03.o" -o "src/hw03.o" "../src/hw03.cpp"
Finished building: ../src/hw03.cpp
 
Building target: hw03
Invoking: MacOS X C++ Linker
g++  -o "hw03"  ./src/hw03.o   
Finished building target: hw03
 
00:01:24 **** Incremental Build of configuration Debug for project hw03 ****
make all 
Building file: ../src/hw03.cpp
Invoking: GCC C++ Compiler
g++ -O0 -g3 -Wall -c -fmessage-length=0 -MMD -MP -MF"src/hw03.d" -MT"src/hw03.o" -o "src/hw03.o" "../src/hw03.cpp"
Finished building: ../src/hw03.cpp
 
Building target: hw03
Invoking: MacOS X C++ Linker
g++  -o "hw03"  ./src/hw03.o   
Finished building target: hw03
 
00:03:28 **** Incremental Build of configuration Debug for project hw03 ****
make all 
Building file: ../src/hw03.cpp
Invoking: GCC C++ Compiler
g++ -O0 -g3 -Wall -c -fmessage-length=0 -MMD -MP -MF"src/hw03.d" -MT"src/hw03.o" -o "src/hw03.o" "../src/hw03.cpp"
Finished building: ../src/hw03.cpp
 
Building target: hw03
Invoking: MacOS X C++ Linker
g++  -o "hw03"  ./src/hw03.o   
Finished building target: hw03
 
00:04:00 **** Incremental Build of configuration Debug for project hw03 ****
make all 
make: Nothing to be done for `all'.
00:04:21 **** Incremental Build of configuration Debug for project hw03 ****
make all 
make: Nothing to be done for `all'.
00:04:25 **** Incremental Build of configuration Debug for project hw03 ****
make all 
make: Nothing to be done for `all'.
00:04:41 **** Incremental Build of configuration Debug for project hw03 ****
make all 
Building file: ../src/hw03.cpp
Invoking: GCC C++ Compiler
g++ -O0 -g3 -Wall -c -fmessage-length=0 -MMD -MP -MF"src/hw03.d" -MT"src/hw03.o" -o "src/hw03.o" "../src/hw03.cpp"
Finished building: ../src/hw03.cpp
 
Building target: hw03
Invoking: MacOS X C++ Linker
g++  -o "hw03"  ./src/hw03.o   
Finished building target: hw03
 
00:04:52 **** Incremental Build of configuration Debug for project hw03 ****
make all 
Building file: ../src/hw03.cpp
Invoking: GCC C++ Compiler
g++ -O0 -g3 -Wall -c -fmessage-length=0 -MMD -MP -MF"src/hw03.d" -MT"src/hw03.o" -o "src/hw03.o" "../src/hw03.cpp"
Finished building: ../src/hw03.cpp
 
Building target: hw03
Invoking: MacOS X C++ Linker
g++  -o "hw03"  ./src/hw03.o   
Finished building target: hw03
 
